2018-01-12 3:02:50 - PHP Notice:  Undefined index: category_id in C:\OSPanel\domains\pavsilkshopquickstart\system\pavothemes\widget\featured_category.php on line 98
2018-01-12 3:02:50 - PHP Notice:  Undefined index: category_id in C:\OSPanel\domains\pavsilkshopquickstart\system\pavothemes\widget\featured_category.php on line 107
2018-01-12 3:02:50 - PHP Notice:  Undefined index: name in C:\OSPanel\domains\pavsilkshopquickstart\system\pavothemes\widget\featured_category.php on line 108
2018-01-12 3:02:50 - PHP Notice:  Undefined index: category_id in C:\OSPanel\domains\pavsilkshopquickstart\system\pavothemes\widget\featured_category.php on line 109
2018-01-12 3:02:50 - PHP Notice:  Undefined index: category_id in C:\OSPanel\domains\pavsilkshopquickstart\system\pavothemes\widget\featured_category.php on line 98
2018-01-12 3:02:50 - PHP Notice:  Undefined index: category_id in C:\OSPanel\domains\pavsilkshopquickstart\system\pavothemes\widget\featured_category.php on line 107
2018-01-12 3:02:50 - PHP Notice:  Undefined index: name in C:\OSPanel\domains\pavsilkshopquickstart\system\pavothemes\widget\featured_category.php on line 108
2018-01-12 3:02:50 - PHP Notice:  Undefined index: category_id in C:\OSPanel\domains\pavsilkshopquickstart\system\pavothemes\widget\featured_category.php on line 109
2018-01-12 3:02:50 - PHP Notice:  Undefined index: category_id in C:\OSPanel\domains\pavsilkshopquickstart\system\pavothemes\widget\featured_category.php on line 98
2018-01-12 3:02:50 - PHP Notice:  Undefined index: category_id in C:\OSPanel\domains\pavsilkshopquickstart\system\pavothemes\widget\featured_category.php on line 107
2018-01-12 3:02:50 - PHP Notice:  Undefined index: name in C:\OSPanel\domains\pavsilkshopquickstart\system\pavothemes\widget\featured_category.php on line 108
2018-01-12 3:02:50 - PHP Notice:  Undefined index: category_id in C:\OSPanel\domains\pavsilkshopquickstart\system\pavothemes\widget\featured_category.php on line 109
2018-01-12 3:02:50 - PHP Notice:  Undefined index: category_id in C:\OSPanel\domains\pavsilkshopquickstart\system\pavothemes\widget\featured_category.php on line 98
2018-01-12 3:02:50 - PHP Notice:  Undefined index: category_id in C:\OSPanel\domains\pavsilkshopquickstart\system\pavothemes\widget\featured_category.php on line 107
2018-01-12 3:02:50 - PHP Notice:  Undefined index: name in C:\OSPanel\domains\pavsilkshopquickstart\system\pavothemes\widget\featured_category.php on line 108
2018-01-12 3:02:50 - PHP Notice:  Undefined index: category_id in C:\OSPanel\domains\pavsilkshopquickstart\system\pavothemes\widget\featured_category.php on line 109
2018-01-12 3:02:50 - PHP Notice:  Undefined index: category_id in C:\OSPanel\domains\pavsilkshopquickstart\system\pavothemes\widget\featured_category.php on line 98
2018-01-12 3:02:50 - PHP Notice:  Undefined index: category_id in C:\OSPanel\domains\pavsilkshopquickstart\system\pavothemes\widget\featured_category.php on line 107
2018-01-12 3:02:50 - PHP Notice:  Undefined index: name in C:\OSPanel\domains\pavsilkshopquickstart\system\pavothemes\widget\featured_category.php on line 108
2018-01-12 3:02:50 - PHP Notice:  Undefined index: category_id in C:\OSPanel\domains\pavsilkshopquickstart\system\pavothemes\widget\featured_category.php on line 109
2018-01-12 3:02:50 - PHP Notice:  Undefined index: category_id in C:\OSPanel\domains\pavsilkshopquickstart\system\pavothemes\widget\featured_category.php on line 98
2018-01-12 3:02:50 - PHP Notice:  Undefined index: category_id in C:\OSPanel\domains\pavsilkshopquickstart\system\pavothemes\widget\featured_category.php on line 107
2018-01-12 3:02:50 - PHP Notice:  Undefined index: name in C:\OSPanel\domains\pavsilkshopquickstart\system\pavothemes\widget\featured_category.php on line 108
2018-01-12 3:02:50 - PHP Notice:  Undefined index: category_id in C:\OSPanel\domains\pavsilkshopquickstart\system\pavothemes\widget\featured_category.php on line 109
2018-01-12 3:02:50 - PHP Notice:  Undefined index: category_id in C:\OSPanel\domains\pavsilkshopquickstart\system\pavothemes\widget\featured_category.php on line 98
2018-01-12 3:02:50 - PHP Notice:  Undefined index: category_id in C:\OSPanel\domains\pavsilkshopquickstart\system\pavothemes\widget\featured_category.php on line 107
2018-01-12 3:02:50 - PHP Notice:  Undefined index: name in C:\OSPanel\domains\pavsilkshopquickstart\system\pavothemes\widget\featured_category.php on line 108
2018-01-12 3:02:50 - PHP Notice:  Undefined index: category_id in C:\OSPanel\domains\pavsilkshopquickstart\system\pavothemes\widget\featured_category.php on line 109
2018-01-12 3:02:50 - PHP Notice:  Undefined index: category_id in C:\OSPanel\domains\pavsilkshopquickstart\system\pavothemes\widget\featured_category.php on line 98
2018-01-12 3:02:50 - PHP Notice:  Undefined index: category_id in C:\OSPanel\domains\pavsilkshopquickstart\system\pavothemes\widget\featured_category.php on line 107
2018-01-12 3:02:50 - PHP Notice:  Undefined index: name in C:\OSPanel\domains\pavsilkshopquickstart\system\pavothemes\widget\featured_category.php on line 108
2018-01-12 3:02:50 - PHP Notice:  Undefined index: category_id in C:\OSPanel\domains\pavsilkshopquickstart\system\pavothemes\widget\featured_category.php on line 109
2018-01-12 3:02:50 - PHP Notice:  Undefined index: category_id in C:\OSPanel\domains\pavsilkshopquickstart\system\pavothemes\widget\featured_category.php on line 98
2018-01-12 3:02:50 - PHP Notice:  Undefined index: category_id in C:\OSPanel\domains\pavsilkshopquickstart\system\pavothemes\widget\featured_category.php on line 107
2018-01-12 3:02:50 - PHP Notice:  Undefined index: name in C:\OSPanel\domains\pavsilkshopquickstart\system\pavothemes\widget\featured_category.php on line 108
2018-01-12 3:02:50 - PHP Notice:  Undefined index: category_id in C:\OSPanel\domains\pavsilkshopquickstart\system\pavothemes\widget\featured_category.php on line 109
2018-01-12 3:02:50 - PHP Notice:  Undefined index: category_id in C:\OSPanel\domains\pavsilkshopquickstart\system\pavothemes\widget\featured_category.php on line 98
2018-01-12 3:02:50 - PHP Notice:  Undefined index: category_id in C:\OSPanel\domains\pavsilkshopquickstart\system\pavothemes\widget\featured_category.php on line 107
2018-01-12 3:02:50 - PHP Notice:  Undefined index: name in C:\OSPanel\domains\pavsilkshopquickstart\system\pavothemes\widget\featured_category.php on line 108
2018-01-12 3:02:50 - PHP Notice:  Undefined index: category_id in C:\OSPanel\domains\pavsilkshopquickstart\system\pavothemes\widget\featured_category.php on line 109
2018-01-12 3:02:50 - PHP Notice:  Undefined index: category_id in C:\OSPanel\domains\pavsilkshopquickstart\system\pavothemes\widget\featured_category.php on line 98
2018-01-12 3:02:50 - PHP Notice:  Undefined index: category_id in C:\OSPanel\domains\pavsilkshopquickstart\system\pavothemes\widget\featured_category.php on line 107
2018-01-12 3:02:50 - PHP Notice:  Undefined index: name in C:\OSPanel\domains\pavsilkshopquickstart\system\pavothemes\widget\featured_category.php on line 108
2018-01-12 3:02:50 - PHP Notice:  Undefined index: category_id in C:\OSPanel\domains\pavsilkshopquickstart\system\pavothemes\widget\featured_category.php on line 109
2018-01-12 3:02:50 - PHP Notice:  Undefined index: category_id in C:\OSPanel\domains\pavsilkshopquickstart\system\pavothemes\widget\featured_category.php on line 98
2018-01-12 3:02:50 - PHP Notice:  Undefined index: category_id in C:\OSPanel\domains\pavsilkshopquickstart\system\pavothemes\widget\featured_category.php on line 107
2018-01-12 3:02:50 - PHP Notice:  Undefined index: name in C:\OSPanel\domains\pavsilkshopquickstart\system\pavothemes\widget\featured_category.php on line 108
2018-01-12 3:02:50 - PHP Notice:  Undefined index: category_id in C:\OSPanel\domains\pavsilkshopquickstart\system\pavothemes\widget\featured_category.php on line 109
2018-01-12 3:03:18 - PHP Notice:  Undefined index: category_id in C:\OSPanel\domains\pavsilkshopquickstart\system\pavothemes\widget\featured_category.php on line 98
2018-01-12 3:03:18 - PHP Notice:  Undefined index: category_id in C:\OSPanel\domains\pavsilkshopquickstart\system\pavothemes\widget\featured_category.php on line 107
2018-01-12 3:03:18 - PHP Notice:  Undefined index: name in C:\OSPanel\domains\pavsilkshopquickstart\system\pavothemes\widget\featured_category.php on line 108
2018-01-12 3:03:18 - PHP Notice:  Undefined index: category_id in C:\OSPanel\domains\pavsilkshopquickstart\system\pavothemes\widget\featured_category.php on line 109
2018-01-12 3:03:18 - PHP Notice:  Undefined index: category_id in C:\OSPanel\domains\pavsilkshopquickstart\system\pavothemes\widget\featured_category.php on line 98
2018-01-12 3:03:18 - PHP Notice:  Undefined index: category_id in C:\OSPanel\domains\pavsilkshopquickstart\system\pavothemes\widget\featured_category.php on line 107
2018-01-12 3:03:18 - PHP Notice:  Undefined index: name in C:\OSPanel\domains\pavsilkshopquickstart\system\pavothemes\widget\featured_category.php on line 108
2018-01-12 3:03:18 - PHP Notice:  Undefined index: category_id in C:\OSPanel\domains\pavsilkshopquickstart\system\pavothemes\widget\featured_category.php on line 109
2018-01-12 3:03:18 - PHP Notice:  Undefined index: category_id in C:\OSPanel\domains\pavsilkshopquickstart\system\pavothemes\widget\featured_category.php on line 98
2018-01-12 3:03:18 - PHP Notice:  Undefined index: category_id in C:\OSPanel\domains\pavsilkshopquickstart\system\pavothemes\widget\featured_category.php on line 107
2018-01-12 3:03:18 - PHP Notice:  Undefined index: name in C:\OSPanel\domains\pavsilkshopquickstart\system\pavothemes\widget\featured_category.php on line 108
2018-01-12 3:03:18 - PHP Notice:  Undefined index: category_id in C:\OSPanel\domains\pavsilkshopquickstart\system\pavothemes\widget\featured_category.php on line 109
2018-01-12 3:03:18 - PHP Notice:  Undefined index: category_id in C:\OSPanel\domains\pavsilkshopquickstart\system\pavothemes\widget\featured_category.php on line 98
2018-01-12 3:03:18 - PHP Notice:  Undefined index: category_id in C:\OSPanel\domains\pavsilkshopquickstart\system\pavothemes\widget\featured_category.php on line 107
2018-01-12 3:03:18 - PHP Notice:  Undefined index: name in C:\OSPanel\domains\pavsilkshopquickstart\system\pavothemes\widget\featured_category.php on line 108
2018-01-12 3:03:18 - PHP Notice:  Undefined index: category_id in C:\OSPanel\domains\pavsilkshopquickstart\system\pavothemes\widget\featured_category.php on line 109
2018-01-12 3:03:18 - PHP Notice:  Undefined index: category_id in C:\OSPanel\domains\pavsilkshopquickstart\system\pavothemes\widget\featured_category.php on line 98
2018-01-12 3:03:18 - PHP Notice:  Undefined index: category_id in C:\OSPanel\domains\pavsilkshopquickstart\system\pavothemes\widget\featured_category.php on line 107
2018-01-12 3:03:18 - PHP Notice:  Undefined index: name in C:\OSPanel\domains\pavsilkshopquickstart\system\pavothemes\widget\featured_category.php on line 108
2018-01-12 3:03:18 - PHP Notice:  Undefined index: category_id in C:\OSPanel\domains\pavsilkshopquickstart\system\pavothemes\widget\featured_category.php on line 109
2018-01-12 3:03:18 - PHP Notice:  Undefined index: category_id in C:\OSPanel\domains\pavsilkshopquickstart\system\pavothemes\widget\featured_category.php on line 98
2018-01-12 3:03:19 - PHP Notice:  Undefined index: category_id in C:\OSPanel\domains\pavsilkshopquickstart\system\pavothemes\widget\featured_category.php on line 107
2018-01-12 3:03:19 - PHP Notice:  Undefined index: name in C:\OSPanel\domains\pavsilkshopquickstart\system\pavothemes\widget\featured_category.php on line 108
2018-01-12 3:03:19 - PHP Notice:  Undefined index: category_id in C:\OSPanel\domains\pavsilkshopquickstart\system\pavothemes\widget\featured_category.php on line 109
2018-01-12 3:03:19 - PHP Notice:  Undefined index: category_id in C:\OSPanel\domains\pavsilkshopquickstart\system\pavothemes\widget\featured_category.php on line 98
2018-01-12 3:03:19 - PHP Notice:  Undefined index: category_id in C:\OSPanel\domains\pavsilkshopquickstart\system\pavothemes\widget\featured_category.php on line 107
2018-01-12 3:03:19 - PHP Notice:  Undefined index: name in C:\OSPanel\domains\pavsilkshopquickstart\system\pavothemes\widget\featured_category.php on line 108
2018-01-12 3:03:19 - PHP Notice:  Undefined index: category_id in C:\OSPanel\domains\pavsilkshopquickstart\system\pavothemes\widget\featured_category.php on line 109
2018-01-12 3:03:19 - PHP Notice:  Undefined index: category_id in C:\OSPanel\domains\pavsilkshopquickstart\system\pavothemes\widget\featured_category.php on line 98
2018-01-12 3:03:19 - PHP Notice:  Undefined index: category_id in C:\OSPanel\domains\pavsilkshopquickstart\system\pavothemes\widget\featured_category.php on line 107
2018-01-12 3:03:19 - PHP Notice:  Undefined index: name in C:\OSPanel\domains\pavsilkshopquickstart\system\pavothemes\widget\featured_category.php on line 108
2018-01-12 3:03:19 - PHP Notice:  Undefined index: category_id in C:\OSPanel\domains\pavsilkshopquickstart\system\pavothemes\widget\featured_category.php on line 109
2018-01-12 3:03:19 - PHP Notice:  Undefined index: category_id in C:\OSPanel\domains\pavsilkshopquickstart\system\pavothemes\widget\featured_category.php on line 98
2018-01-12 3:03:19 - PHP Notice:  Undefined index: category_id in C:\OSPanel\domains\pavsilkshopquickstart\system\pavothemes\widget\featured_category.php on line 107
2018-01-12 3:03:19 - PHP Notice:  Undefined index: name in C:\OSPanel\domains\pavsilkshopquickstart\system\pavothemes\widget\featured_category.php on line 108
2018-01-12 3:03:19 - PHP Notice:  Undefined index: category_id in C:\OSPanel\domains\pavsilkshopquickstart\system\pavothemes\widget\featured_category.php on line 109
2018-01-12 3:03:19 - PHP Notice:  Undefined index: category_id in C:\OSPanel\domains\pavsilkshopquickstart\system\pavothemes\widget\featured_category.php on line 98
2018-01-12 3:03:19 - PHP Notice:  Undefined index: category_id in C:\OSPanel\domains\pavsilkshopquickstart\system\pavothemes\widget\featured_category.php on line 107
2018-01-12 3:03:19 - PHP Notice:  Undefined index: name in C:\OSPanel\domains\pavsilkshopquickstart\system\pavothemes\widget\featured_category.php on line 108
2018-01-12 3:03:19 - PHP Notice:  Undefined index: category_id in C:\OSPanel\domains\pavsilkshopquickstart\system\pavothemes\widget\featured_category.php on line 109
2018-01-12 3:03:19 - PHP Notice:  Undefined index: category_id in C:\OSPanel\domains\pavsilkshopquickstart\system\pavothemes\widget\featured_category.php on line 98
2018-01-12 3:03:19 - PHP Notice:  Undefined index: category_id in C:\OSPanel\domains\pavsilkshopquickstart\system\pavothemes\widget\featured_category.php on line 107
2018-01-12 3:03:19 - PHP Notice:  Undefined index: name in C:\OSPanel\domains\pavsilkshopquickstart\system\pavothemes\widget\featured_category.php on line 108
2018-01-12 3:03:19 - PHP Notice:  Undefined index: category_id in C:\OSPanel\domains\pavsilkshopquickstart\system\pavothemes\widget\featured_category.php on line 109
2018-01-12 3:03:19 - PHP Notice:  Undefined index: category_id in C:\OSPanel\domains\pavsilkshopquickstart\system\pavothemes\widget\featured_category.php on line 98
2018-01-12 3:03:19 - PHP Notice:  Undefined index: category_id in C:\OSPanel\domains\pavsilkshopquickstart\system\pavothemes\widget\featured_category.php on line 107
2018-01-12 3:03:19 - PHP Notice:  Undefined index: name in C:\OSPanel\domains\pavsilkshopquickstart\system\pavothemes\widget\featured_category.php on line 108
2018-01-12 3:03:19 - PHP Notice:  Undefined index: category_id in C:\OSPanel\domains\pavsilkshopquickstart\system\pavothemes\widget\featured_category.php on line 109
2018-01-12 4:03:44 - PHP Notice:  Undefined index: category_id in C:\OSPanel\domains\pavsilkshopquickstart\system\pavothemes\widget\featured_category.php on line 98
2018-01-12 4:03:44 - PHP Notice:  Undefined index: category_id in C:\OSPanel\domains\pavsilkshopquickstart\system\pavothemes\widget\featured_category.php on line 107
2018-01-12 4:03:44 - PHP Notice:  Undefined index: name in C:\OSPanel\domains\pavsilkshopquickstart\system\pavothemes\widget\featured_category.php on line 108
2018-01-12 4:03:44 - PHP Notice:  Undefined index: category_id in C:\OSPanel\domains\pavsilkshopquickstart\system\pavothemes\widget\featured_category.php on line 109
2018-01-12 4:03:44 - PHP Notice:  Undefined index: category_id in C:\OSPanel\domains\pavsilkshopquickstart\system\pavothemes\widget\featured_category.php on line 98
2018-01-12 4:03:44 - PHP Notice:  Undefined index: category_id in C:\OSPanel\domains\pavsilkshopquickstart\system\pavothemes\widget\featured_category.php on line 107
2018-01-12 4:03:44 - PHP Notice:  Undefined index: name in C:\OSPanel\domains\pavsilkshopquickstart\system\pavothemes\widget\featured_category.php on line 108
2018-01-12 4:03:44 - PHP Notice:  Undefined index: category_id in C:\OSPanel\domains\pavsilkshopquickstart\system\pavothemes\widget\featured_category.php on line 109
2018-01-12 4:03:44 - PHP Notice:  Undefined index: category_id in C:\OSPanel\domains\pavsilkshopquickstart\system\pavothemes\widget\featured_category.php on line 98
2018-01-12 4:03:45 - PHP Notice:  Undefined index: category_id in C:\OSPanel\domains\pavsilkshopquickstart\system\pavothemes\widget\featured_category.php on line 107
2018-01-12 4:03:45 - PHP Notice:  Undefined index: name in C:\OSPanel\domains\pavsilkshopquickstart\system\pavothemes\widget\featured_category.php on line 108
2018-01-12 4:03:45 - PHP Notice:  Undefined index: category_id in C:\OSPanel\domains\pavsilkshopquickstart\system\pavothemes\widget\featured_category.php on line 109
2018-01-12 4:03:45 - PHP Notice:  Undefined index: category_id in C:\OSPanel\domains\pavsilkshopquickstart\system\pavothemes\widget\featured_category.php on line 98
2018-01-12 4:03:45 - PHP Notice:  Undefined index: category_id in C:\OSPanel\domains\pavsilkshopquickstart\system\pavothemes\widget\featured_category.php on line 107
2018-01-12 4:03:45 - PHP Notice:  Undefined index: name in C:\OSPanel\domains\pavsilkshopquickstart\system\pavothemes\widget\featured_category.php on line 108
2018-01-12 4:03:45 - PHP Notice:  Undefined index: category_id in C:\OSPanel\domains\pavsilkshopquickstart\system\pavothemes\widget\featured_category.php on line 109
2018-01-12 4:03:45 - PHP Notice:  Undefined index: category_id in C:\OSPanel\domains\pavsilkshopquickstart\system\pavothemes\widget\featured_category.php on line 98
2018-01-12 4:03:45 - PHP Notice:  Undefined index: category_id in C:\OSPanel\domains\pavsilkshopquickstart\system\pavothemes\widget\featured_category.php on line 107
2018-01-12 4:03:45 - PHP Notice:  Undefined index: name in C:\OSPanel\domains\pavsilkshopquickstart\system\pavothemes\widget\featured_category.php on line 108
2018-01-12 4:03:45 - PHP Notice:  Undefined index: category_id in C:\OSPanel\domains\pavsilkshopquickstart\system\pavothemes\widget\featured_category.php on line 109
2018-01-12 4:03:45 - PHP Notice:  Undefined index: category_id in C:\OSPanel\domains\pavsilkshopquickstart\system\pavothemes\widget\featured_category.php on line 98
2018-01-12 4:03:45 - PHP Notice:  Undefined index: category_id in C:\OSPanel\domains\pavsilkshopquickstart\system\pavothemes\widget\featured_category.php on line 107
2018-01-12 4:03:45 - PHP Notice:  Undefined index: name in C:\OSPanel\domains\pavsilkshopquickstart\system\pavothemes\widget\featured_category.php on line 108
2018-01-12 4:03:45 - PHP Notice:  Undefined index: category_id in C:\OSPanel\domains\pavsilkshopquickstart\system\pavothemes\widget\featured_category.php on line 109
2018-01-12 4:03:45 - PHP Notice:  Undefined index: category_id in C:\OSPanel\domains\pavsilkshopquickstart\system\pavothemes\widget\featured_category.php on line 98
2018-01-12 4:03:45 - PHP Notice:  Undefined index: category_id in C:\OSPanel\domains\pavsilkshopquickstart\system\pavothemes\widget\featured_category.php on line 107
2018-01-12 4:03:45 - PHP Notice:  Undefined index: name in C:\OSPanel\domains\pavsilkshopquickstart\system\pavothemes\widget\featured_category.php on line 108
2018-01-12 4:03:45 - PHP Notice:  Undefined index: category_id in C:\OSPanel\domains\pavsilkshopquickstart\system\pavothemes\widget\featured_category.php on line 109
2018-01-12 4:03:45 - PHP Notice:  Undefined index: category_id in C:\OSPanel\domains\pavsilkshopquickstart\system\pavothemes\widget\featured_category.php on line 98
2018-01-12 4:03:45 - PHP Notice:  Undefined index: category_id in C:\OSPanel\domains\pavsilkshopquickstart\system\pavothemes\widget\featured_category.php on line 107
2018-01-12 4:03:45 - PHP Notice:  Undefined index: name in C:\OSPanel\domains\pavsilkshopquickstart\system\pavothemes\widget\featured_category.php on line 108
2018-01-12 4:03:45 - PHP Notice:  Undefined index: category_id in C:\OSPanel\domains\pavsilkshopquickstart\system\pavothemes\widget\featured_category.php on line 109
2018-01-12 4:03:45 - PHP Notice:  Undefined index: category_id in C:\OSPanel\domains\pavsilkshopquickstart\system\pavothemes\widget\featured_category.php on line 98
2018-01-12 4:03:45 - PHP Notice:  Undefined index: category_id in C:\OSPanel\domains\pavsilkshopquickstart\system\pavothemes\widget\featured_category.php on line 107
2018-01-12 4:03:45 - PHP Notice:  Undefined index: name in C:\OSPanel\domains\pavsilkshopquickstart\system\pavothemes\widget\featured_category.php on line 108
2018-01-12 4:03:45 - PHP Notice:  Undefined index: category_id in C:\OSPanel\domains\pavsilkshopquickstart\system\pavothemes\widget\featured_category.php on line 109
2018-01-12 4:03:45 - PHP Notice:  Undefined index: category_id in C:\OSPanel\domains\pavsilkshopquickstart\system\pavothemes\widget\featured_category.php on line 98
2018-01-12 4:03:45 - PHP Notice:  Undefined index: category_id in C:\OSPanel\domains\pavsilkshopquickstart\system\pavothemes\widget\featured_category.php on line 107
2018-01-12 4:03:45 - PHP Notice:  Undefined index: name in C:\OSPanel\domains\pavsilkshopquickstart\system\pavothemes\widget\featured_category.php on line 108
2018-01-12 4:03:45 - PHP Notice:  Undefined index: category_id in C:\OSPanel\domains\pavsilkshopquickstart\system\pavothemes\widget\featured_category.php on line 109
2018-01-12 4:03:45 - PHP Notice:  Undefined index: category_id in C:\OSPanel\domains\pavsilkshopquickstart\system\pavothemes\widget\featured_category.php on line 98
2018-01-12 4:03:45 - PHP Notice:  Undefined index: category_id in C:\OSPanel\domains\pavsilkshopquickstart\system\pavothemes\widget\featured_category.php on line 107
2018-01-12 4:03:45 - PHP Notice:  Undefined index: name in C:\OSPanel\domains\pavsilkshopquickstart\system\pavothemes\widget\featured_category.php on line 108
2018-01-12 4:03:45 - PHP Notice:  Undefined index: category_id in C:\OSPanel\domains\pavsilkshopquickstart\system\pavothemes\widget\featured_category.php on line 109
2018-01-12 4:03:45 - PHP Notice:  Undefined index: category_id in C:\OSPanel\domains\pavsilkshopquickstart\system\pavothemes\widget\featured_category.php on line 98
2018-01-12 4:03:46 - PHP Notice:  Undefined index: category_id in C:\OSPanel\domains\pavsilkshopquickstart\system\pavothemes\widget\featured_category.php on line 107
2018-01-12 4:03:46 - PHP Notice:  Undefined index: name in C:\OSPanel\domains\pavsilkshopquickstart\system\pavothemes\widget\featured_category.php on line 108
2018-01-12 4:03:46 - PHP Notice:  Undefined index: category_id in C:\OSPanel\domains\pavsilkshopquickstart\system\pavothemes\widget\featured_category.php on line 109
2018-01-12 4:04:03 - PHP Notice:  Undefined index: category_id in C:\OSPanel\domains\pavsilkshopquickstart\system\pavothemes\widget\featured_category.php on line 98
2018-01-12 4:04:03 - PHP Notice:  Undefined index: category_id in C:\OSPanel\domains\pavsilkshopquickstart\system\pavothemes\widget\featured_category.php on line 107
2018-01-12 4:04:03 - PHP Notice:  Undefined index: name in C:\OSPanel\domains\pavsilkshopquickstart\system\pavothemes\widget\featured_category.php on line 108
2018-01-12 4:04:03 - PHP Notice:  Undefined index: category_id in C:\OSPanel\domains\pavsilkshopquickstart\system\pavothemes\widget\featured_category.php on line 109
2018-01-12 4:04:03 - PHP Notice:  Undefined index: category_id in C:\OSPanel\domains\pavsilkshopquickstart\system\pavothemes\widget\featured_category.php on line 98
2018-01-12 4:04:03 - PHP Notice:  Undefined index: category_id in C:\OSPanel\domains\pavsilkshopquickstart\system\pavothemes\widget\featured_category.php on line 107
2018-01-12 4:04:03 - PHP Notice:  Undefined index: name in C:\OSPanel\domains\pavsilkshopquickstart\system\pavothemes\widget\featured_category.php on line 108
2018-01-12 4:04:03 - PHP Notice:  Undefined index: category_id in C:\OSPanel\domains\pavsilkshopquickstart\system\pavothemes\widget\featured_category.php on line 109
2018-01-12 4:04:03 - PHP Notice:  Undefined index: category_id in C:\OSPanel\domains\pavsilkshopquickstart\system\pavothemes\widget\featured_category.php on line 98
2018-01-12 4:04:03 - PHP Notice:  Undefined index: category_id in C:\OSPanel\domains\pavsilkshopquickstart\system\pavothemes\widget\featured_category.php on line 107
2018-01-12 4:04:03 - PHP Notice:  Undefined index: name in C:\OSPanel\domains\pavsilkshopquickstart\system\pavothemes\widget\featured_category.php on line 108
2018-01-12 4:04:03 - PHP Notice:  Undefined index: category_id in C:\OSPanel\domains\pavsilkshopquickstart\system\pavothemes\widget\featured_category.php on line 109
2018-01-12 4:04:03 - PHP Notice:  Undefined index: category_id in C:\OSPanel\domains\pavsilkshopquickstart\system\pavothemes\widget\featured_category.php on line 98
2018-01-12 4:04:03 - PHP Notice:  Undefined index: category_id in C:\OSPanel\domains\pavsilkshopquickstart\system\pavothemes\widget\featured_category.php on line 107
2018-01-12 4:04:03 - PHP Notice:  Undefined index: name in C:\OSPanel\domains\pavsilkshopquickstart\system\pavothemes\widget\featured_category.php on line 108
2018-01-12 4:04:03 - PHP Notice:  Undefined index: category_id in C:\OSPanel\domains\pavsilkshopquickstart\system\pavothemes\widget\featured_category.php on line 109
2018-01-12 4:04:03 - PHP Notice:  Undefined index: category_id in C:\OSPanel\domains\pavsilkshopquickstart\system\pavothemes\widget\featured_category.php on line 98
2018-01-12 4:04:03 - PHP Notice:  Undefined index: category_id in C:\OSPanel\domains\pavsilkshopquickstart\system\pavothemes\widget\featured_category.php on line 107
2018-01-12 4:04:03 - PHP Notice:  Undefined index: name in C:\OSPanel\domains\pavsilkshopquickstart\system\pavothemes\widget\featured_category.php on line 108
2018-01-12 4:04:03 - PHP Notice:  Undefined index: category_id in C:\OSPanel\domains\pavsilkshopquickstart\system\pavothemes\widget\featured_category.php on line 109
2018-01-12 4:04:03 - PHP Notice:  Undefined index: category_id in C:\OSPanel\domains\pavsilkshopquickstart\system\pavothemes\widget\featured_category.php on line 98
2018-01-12 4:04:03 - PHP Notice:  Undefined index: category_id in C:\OSPanel\domains\pavsilkshopquickstart\system\pavothemes\widget\featured_category.php on line 107
2018-01-12 4:04:03 - PHP Notice:  Undefined index: name in C:\OSPanel\domains\pavsilkshopquickstart\system\pavothemes\widget\featured_category.php on line 108
2018-01-12 4:04:03 - PHP Notice:  Undefined index: category_id in C:\OSPanel\domains\pavsilkshopquickstart\system\pavothemes\widget\featured_category.php on line 109
2018-01-12 4:04:03 - PHP Notice:  Undefined index: category_id in C:\OSPanel\domains\pavsilkshopquickstart\system\pavothemes\widget\featured_category.php on line 98
2018-01-12 4:04:03 - PHP Notice:  Undefined index: category_id in C:\OSPanel\domains\pavsilkshopquickstart\system\pavothemes\widget\featured_category.php on line 107
2018-01-12 4:04:03 - PHP Notice:  Undefined index: name in C:\OSPanel\domains\pavsilkshopquickstart\system\pavothemes\widget\featured_category.php on line 108
2018-01-12 4:04:03 - PHP Notice:  Undefined index: category_id in C:\OSPanel\domains\pavsilkshopquickstart\system\pavothemes\widget\featured_category.php on line 109
2018-01-12 4:04:03 - PHP Notice:  Undefined index: category_id in C:\OSPanel\domains\pavsilkshopquickstart\system\pavothemes\widget\featured_category.php on line 98
2018-01-12 4:04:04 - PHP Notice:  Undefined index: category_id in C:\OSPanel\domains\pavsilkshopquickstart\system\pavothemes\widget\featured_category.php on line 107
2018-01-12 4:04:04 - PHP Notice:  Undefined index: name in C:\OSPanel\domains\pavsilkshopquickstart\system\pavothemes\widget\featured_category.php on line 108
2018-01-12 4:04:04 - PHP Notice:  Undefined index: category_id in C:\OSPanel\domains\pavsilkshopquickstart\system\pavothemes\widget\featured_category.php on line 109
2018-01-12 4:04:04 - PHP Notice:  Undefined index: category_id in C:\OSPanel\domains\pavsilkshopquickstart\system\pavothemes\widget\featured_category.php on line 98
2018-01-12 4:04:04 - PHP Notice:  Undefined index: category_id in C:\OSPanel\domains\pavsilkshopquickstart\system\pavothemes\widget\featured_category.php on line 107
2018-01-12 4:04:04 - PHP Notice:  Undefined index: name in C:\OSPanel\domains\pavsilkshopquickstart\system\pavothemes\widget\featured_category.php on line 108
2018-01-12 4:04:04 - PHP Notice:  Undefined index: category_id in C:\OSPanel\domains\pavsilkshopquickstart\system\pavothemes\widget\featured_category.php on line 109
2018-01-12 4:04:04 - PHP Notice:  Undefined index: category_id in C:\OSPanel\domains\pavsilkshopquickstart\system\pavothemes\widget\featured_category.php on line 98
2018-01-12 4:04:04 - PHP Notice:  Undefined index: category_id in C:\OSPanel\domains\pavsilkshopquickstart\system\pavothemes\widget\featured_category.php on line 107
2018-01-12 4:04:04 - PHP Notice:  Undefined index: name in C:\OSPanel\domains\pavsilkshopquickstart\system\pavothemes\widget\featured_category.php on line 108
2018-01-12 4:04:04 - PHP Notice:  Undefined index: category_id in C:\OSPanel\domains\pavsilkshopquickstart\system\pavothemes\widget\featured_category.php on line 109
2018-01-12 4:04:04 - PHP Notice:  Undefined index: category_id in C:\OSPanel\domains\pavsilkshopquickstart\system\pavothemes\widget\featured_category.php on line 98
2018-01-12 4:04:04 - PHP Notice:  Undefined index: category_id in C:\OSPanel\domains\pavsilkshopquickstart\system\pavothemes\widget\featured_category.php on line 107
2018-01-12 4:04:04 - PHP Notice:  Undefined index: name in C:\OSPanel\domains\pavsilkshopquickstart\system\pavothemes\widget\featured_category.php on line 108
2018-01-12 4:04:04 - PHP Notice:  Undefined index: category_id in C:\OSPanel\domains\pavsilkshopquickstart\system\pavothemes\widget\featured_category.php on line 109
2018-01-12 4:04:04 - PHP Notice:  Undefined index: category_id in C:\OSPanel\domains\pavsilkshopquickstart\system\pavothemes\widget\featured_category.php on line 98
2018-01-12 4:04:04 - PHP Notice:  Undefined index: category_id in C:\OSPanel\domains\pavsilkshopquickstart\system\pavothemes\widget\featured_category.php on line 107
2018-01-12 4:04:04 - PHP Notice:  Undefined index: name in C:\OSPanel\domains\pavsilkshopquickstart\system\pavothemes\widget\featured_category.php on line 108
2018-01-12 4:04:04 - PHP Notice:  Undefined index: category_id in C:\OSPanel\domains\pavsilkshopquickstart\system\pavothemes\widget\featured_category.php on line 109
2018-01-12 4:04:05 - PHP Notice:  Undefined index: category_id in C:\OSPanel\domains\pavsilkshopquickstart\system\pavothemes\widget\featured_category.php on line 98
2018-01-12 4:04:05 - PHP Notice:  Undefined index: category_id in C:\OSPanel\domains\pavsilkshopquickstart\system\pavothemes\widget\featured_category.php on line 107
2018-01-12 4:04:05 - PHP Notice:  Undefined index: name in C:\OSPanel\domains\pavsilkshopquickstart\system\pavothemes\widget\featured_category.php on line 108
2018-01-12 4:04:05 - PHP Notice:  Undefined index: category_id in C:\OSPanel\domains\pavsilkshopquickstart\system\pavothemes\widget\featured_category.php on line 109
2018-01-12 4:04:05 - PHP Notice:  Undefined index: category_id in C:\OSPanel\domains\pavsilkshopquickstart\system\pavothemes\widget\featured_category.php on line 98
2018-01-12 4:04:05 - PHP Notice:  Undefined index: category_id in C:\OSPanel\domains\pavsilkshopquickstart\system\pavothemes\widget\featured_category.php on line 107
2018-01-12 4:04:05 - PHP Notice:  Undefined index: name in C:\OSPanel\domains\pavsilkshopquickstart\system\pavothemes\widget\featured_category.php on line 108
2018-01-12 4:04:05 - PHP Notice:  Undefined index: category_id in C:\OSPanel\domains\pavsilkshopquickstart\system\pavothemes\widget\featured_category.php on line 109
2018-01-12 4:04:05 - PHP Notice:  Undefined index: category_id in C:\OSPanel\domains\pavsilkshopquickstart\system\pavothemes\widget\featured_category.php on line 98
2018-01-12 4:04:05 - PHP Notice:  Undefined index: category_id in C:\OSPanel\domains\pavsilkshopquickstart\system\pavothemes\widget\featured_category.php on line 107
2018-01-12 4:04:05 - PHP Notice:  Undefined index: name in C:\OSPanel\domains\pavsilkshopquickstart\system\pavothemes\widget\featured_category.php on line 108
2018-01-12 4:04:05 - PHP Notice:  Undefined index: category_id in C:\OSPanel\domains\pavsilkshopquickstart\system\pavothemes\widget\featured_category.php on line 109
2018-01-12 4:04:05 - PHP Notice:  Undefined index: category_id in C:\OSPanel\domains\pavsilkshopquickstart\system\pavothemes\widget\featured_category.php on line 98
2018-01-12 4:04:05 - PHP Notice:  Undefined index: category_id in C:\OSPanel\domains\pavsilkshopquickstart\system\pavothemes\widget\featured_category.php on line 107
2018-01-12 4:04:05 - PHP Notice:  Undefined index: name in C:\OSPanel\domains\pavsilkshopquickstart\system\pavothemes\widget\featured_category.php on line 108
2018-01-12 4:04:05 - PHP Notice:  Undefined index: category_id in C:\OSPanel\domains\pavsilkshopquickstart\system\pavothemes\widget\featured_category.php on line 109
2018-01-12 4:04:05 - PHP Notice:  Undefined index: category_id in C:\OSPanel\domains\pavsilkshopquickstart\system\pavothemes\widget\featured_category.php on line 98
2018-01-12 4:04:06 - PHP Notice:  Undefined index: category_id in C:\OSPanel\domains\pavsilkshopquickstart\system\pavothemes\widget\featured_category.php on line 107
2018-01-12 4:04:06 - PHP Notice:  Undefined index: name in C:\OSPanel\domains\pavsilkshopquickstart\system\pavothemes\widget\featured_category.php on line 108
2018-01-12 4:04:06 - PHP Notice:  Undefined index: category_id in C:\OSPanel\domains\pavsilkshopquickstart\system\pavothemes\widget\featured_category.php on line 109
2018-01-12 4:04:06 - PHP Notice:  Undefined index: category_id in C:\OSPanel\domains\pavsilkshopquickstart\system\pavothemes\widget\featured_category.php on line 98
2018-01-12 4:04:06 - PHP Notice:  Undefined index: category_id in C:\OSPanel\domains\pavsilkshopquickstart\system\pavothemes\widget\featured_category.php on line 107
2018-01-12 4:04:06 - PHP Notice:  Undefined index: name in C:\OSPanel\domains\pavsilkshopquickstart\system\pavothemes\widget\featured_category.php on line 108
2018-01-12 4:04:06 - PHP Notice:  Undefined index: category_id in C:\OSPanel\domains\pavsilkshopquickstart\system\pavothemes\widget\featured_category.php on line 109
2018-01-12 4:04:06 - PHP Notice:  Undefined index: category_id in C:\OSPanel\domains\pavsilkshopquickstart\system\pavothemes\widget\featured_category.php on line 98
2018-01-12 4:04:06 - PHP Notice:  Undefined index: category_id in C:\OSPanel\domains\pavsilkshopquickstart\system\pavothemes\widget\featured_category.php on line 107
2018-01-12 4:04:06 - PHP Notice:  Undefined index: name in C:\OSPanel\domains\pavsilkshopquickstart\system\pavothemes\widget\featured_category.php on line 108
2018-01-12 4:04:06 - PHP Notice:  Undefined index: category_id in C:\OSPanel\domains\pavsilkshopquickstart\system\pavothemes\widget\featured_category.php on line 109
2018-01-12 4:04:06 - PHP Notice:  Undefined index: category_id in C:\OSPanel\domains\pavsilkshopquickstart\system\pavothemes\widget\featured_category.php on line 98
2018-01-12 4:04:06 - PHP Notice:  Undefined index: category_id in C:\OSPanel\domains\pavsilkshopquickstart\system\pavothemes\widget\featured_category.php on line 107
2018-01-12 4:04:06 - PHP Notice:  Undefined index: name in C:\OSPanel\domains\pavsilkshopquickstart\system\pavothemes\widget\featured_category.php on line 108
2018-01-12 4:04:06 - PHP Notice:  Undefined index: category_id in C:\OSPanel\domains\pavsilkshopquickstart\system\pavothemes\widget\featured_category.php on line 109
2018-01-12 4:04:06 - PHP Notice:  Undefined index: category_id in C:\OSPanel\domains\pavsilkshopquickstart\system\pavothemes\widget\featured_category.php on line 98
2018-01-12 4:04:06 - PHP Notice:  Undefined index: category_id in C:\OSPanel\domains\pavsilkshopquickstart\system\pavothemes\widget\featured_category.php on line 107
2018-01-12 4:04:06 - PHP Notice:  Undefined index: name in C:\OSPanel\domains\pavsilkshopquickstart\system\pavothemes\widget\featured_category.php on line 108
2018-01-12 4:04:06 - PHP Notice:  Undefined index: category_id in C:\OSPanel\domains\pavsilkshopquickstart\system\pavothemes\widget\featured_category.php on line 109
2018-01-12 4:04:06 - PHP Notice:  Undefined index: category_id in C:\OSPanel\domains\pavsilkshopquickstart\system\pavothemes\widget\featured_category.php on line 98
2018-01-12 4:04:06 - PHP Notice:  Undefined index: category_id in C:\OSPanel\domains\pavsilkshopquickstart\system\pavothemes\widget\featured_category.php on line 107
2018-01-12 4:04:06 - PHP Notice:  Undefined index: name in C:\OSPanel\domains\pavsilkshopquickstart\system\pavothemes\widget\featured_category.php on line 108
2018-01-12 4:04:06 - PHP Notice:  Undefined index: category_id in C:\OSPanel\domains\pavsilkshopquickstart\system\pavothemes\widget\featured_category.php on line 109
2018-01-12 4:04:06 - PHP Notice:  Undefined index: category_id in C:\OSPanel\domains\pavsilkshopquickstart\system\pavothemes\widget\featured_category.php on line 98
2018-01-12 4:04:07 - PHP Notice:  Undefined index: category_id in C:\OSPanel\domains\pavsilkshopquickstart\system\pavothemes\widget\featured_category.php on line 107
2018-01-12 4:04:07 - PHP Notice:  Undefined index: name in C:\OSPanel\domains\pavsilkshopquickstart\system\pavothemes\widget\featured_category.php on line 108
2018-01-12 4:04:07 - PHP Notice:  Undefined index: category_id in C:\OSPanel\domains\pavsilkshopquickstart\system\pavothemes\widget\featured_category.php on line 109
2018-01-12 4:04:07 - PHP Notice:  Undefined index: category_id in C:\OSPanel\domains\pavsilkshopquickstart\system\pavothemes\widget\featured_category.php on line 98
2018-01-12 4:04:07 - PHP Notice:  Undefined index: category_id in C:\OSPanel\domains\pavsilkshopquickstart\system\pavothemes\widget\featured_category.php on line 107
2018-01-12 4:04:07 - PHP Notice:  Undefined index: name in C:\OSPanel\domains\pavsilkshopquickstart\system\pavothemes\widget\featured_category.php on line 108
2018-01-12 4:04:07 - PHP Notice:  Undefined index: category_id in C:\OSPanel\domains\pavsilkshopquickstart\system\pavothemes\widget\featured_category.php on line 109
2018-01-13 1:34:01 - PHP Notice:  Undefined variable: upc in C:\OSPanel\domains\pavsilkshopquickstart\catalog\view\theme\pav_silkshop\template\themecontrol\product.tpl on line 155
2018-01-13 2:00:41 - PHP Notice:  Undefined variable: output in C:\OSPanel\domains\pavsilkshopquickstart\admin\model\menu\tree.php on line 147
2018-01-13 2:00:59 - PHP Notice:  Undefined variable: output in C:\OSPanel\domains\pavsilkshopquickstart\admin\model\menu\tree.php on line 147
2018-01-13 2:01:01 - PHP Notice:  Undefined variable: output in C:\OSPanel\domains\pavsilkshopquickstart\admin\model\menu\tree.php on line 147
2018-01-13 2:01:02 - PHP Notice:  Undefined variable: output in C:\OSPanel\domains\pavsilkshopquickstart\admin\model\menu\tree.php on line 147
2018-01-13 2:01:06 - PHP Notice:  Undefined variable: output in C:\OSPanel\domains\pavsilkshopquickstart\admin\model\menu\tree.php on line 147
2018-01-13 2:01:06 - PHP Notice:  Undefined variable: output in C:\OSPanel\domains\pavsilkshopquickstart\admin\model\menu\tree.php on line 147
2018-01-15 0:16:52 - PHP Notice:  Array to string conversion in C:\OSPanel\domains\pavsilkshopquickstart\system\pavothemes\widget\icon_box.php on line 192
2018-01-15 0:16:52 - PHP Notice:  Array to string conversion in C:\OSPanel\domains\pavsilkshopquickstart\system\pavothemes\widget\icon_box.php on line 192
2018-01-15 0:16:52 - PHP Notice:  Array to string conversion in C:\OSPanel\domains\pavsilkshopquickstart\system\pavothemes\widget\icon_box.php on line 192
2018-01-15 0:16:52 - PHP Notice:  Array to string conversion in C:\OSPanel\domains\pavsilkshopquickstart\system\pavothemes\widget\icon_box.php on line 192
2018-01-15 0:16:52 - PHP Notice:  Array to string conversion in C:\OSPanel\domains\pavsilkshopquickstart\system\pavothemes\widget\icon_box.php on line 192
2018-01-15 0:16:53 - PHP Notice:  Array to string conversion in C:\OSPanel\domains\pavsilkshopquickstart\system\pavothemes\widget\icon_box.php on line 192
2018-01-15 0:16:53 - PHP Notice:  Array to string conversion in C:\OSPanel\domains\pavsilkshopquickstart\system\pavothemes\widget\icon_box.php on line 192
2018-01-15 0:16:53 - PHP Notice:  Array to string conversion in C:\OSPanel\domains\pavsilkshopquickstart\system\pavothemes\widget\icon_box.php on line 192
2018-01-15 0:16:53 - PHP Notice:  Array to string conversion in C:\OSPanel\domains\pavsilkshopquickstart\system\pavothemes\widget\icon_box.php on line 192
2018-01-15 0:16:53 - PHP Notice:  Array to string conversion in C:\OSPanel\domains\pavsilkshopquickstart\system\pavothemes\widget\icon_box.php on line 192
2018-01-15 0:35:42 - PHP Warning:  Illegal string offset 'htmlcontent_1' in C:\OSPanel\domains\pavsilkshopquickstart\system\pavothemes\widget\icon_box.php on line 180
2018-01-15 0:35:42 - PHP Warning:  Illegal string offset 'htmlcontent' in C:\OSPanel\domains\pavsilkshopquickstart\system\pavothemes\widget\icon_box.php on line 182
2018-01-15 0:35:42 - PHP Warning:  Illegal string offset 'linkurl' in C:\OSPanel\domains\pavsilkshopquickstart\system\pavothemes\widget\icon_box.php on line 183
2018-01-15 0:35:42 - PHP Warning:  Illegal string offset 'sub_title' in C:\OSPanel\domains\pavsilkshopquickstart\system\pavothemes\widget\icon_box.php on line 184
2018-01-15 0:35:42 - PHP Warning:  Illegal string offset 'widget_heading' in C:\OSPanel\domains\pavsilkshopquickstart\system\pavothemes\widgetbase.php on line 111
2018-01-15 0:35:42 - PHP Warning:  Illegal string offset 'widget_heading' in C:\OSPanel\domains\pavsilkshopquickstart\system\pavothemes\widgetbase.php on line 115
2018-01-15 0:35:42 - PHP Warning:  Illegal string offset 'heading_title' in C:\OSPanel\domains\pavsilkshopquickstart\system\pavothemes\widgetbase.php on line 115
2018-01-15 0:35:42 - PHP Warning:  extract() expects parameter 1 to be array, string given in C:\OSPanel\domains\pavsilkshopquickstart\system\pavothemes\widgetbase.php on line 116
2018-01-15 0:35:42 - PHP Notice:  Undefined variable: icon_box_style in C:\OSPanel\domains\pavsilkshopquickstart\catalog\view\theme\pav_silkshop\template\extension\module\widgets\icon_box.tpl on line 1
2018-01-15 0:35:42 - PHP Notice:  Undefined variable: text_align in C:\OSPanel\domains\pavsilkshopquickstart\catalog\view\theme\pav_silkshop\template\extension\module\widgets\icon_box.tpl on line 1
2018-01-15 0:35:42 - PHP Notice:  Undefined variable: background in C:\OSPanel\domains\pavsilkshopquickstart\catalog\view\theme\pav_silkshop\template\extension\module\widgets\icon_box.tpl on line 1
2018-01-15 0:35:42 - PHP Notice:  Undefined variable: iconclass in C:\OSPanel\domains\pavsilkshopquickstart\catalog\view\theme\pav_silkshop\template\extension\module\widgets\icon_box.tpl on line 8
2018-01-15 0:35:42 - PHP Warning:  Illegal string offset 'htmlcontent_1' in C:\OSPanel\domains\pavsilkshopquickstart\system\pavothemes\widget\icon_box.php on line 180
2018-01-15 0:35:42 - PHP Warning:  Illegal string offset 'htmlcontent' in C:\OSPanel\domains\pavsilkshopquickstart\system\pavothemes\widget\icon_box.php on line 182
2018-01-15 0:35:42 - PHP Warning:  Illegal string offset 'linkurl' in C:\OSPanel\domains\pavsilkshopquickstart\system\pavothemes\widget\icon_box.php on line 183
2018-01-15 0:35:42 - PHP Warning:  Illegal string offset 'sub_title' in C:\OSPanel\domains\pavsilkshopquickstart\system\pavothemes\widget\icon_box.php on line 184
2018-01-15 0:35:42 - PHP Warning:  Illegal string offset 'widget_heading' in C:\OSPanel\domains\pavsilkshopquickstart\system\pavothemes\widgetbase.php on line 111
2018-01-15 0:35:42 - PHP Warning:  Illegal string offset 'widget_heading' in C:\OSPanel\domains\pavsilkshopquickstart\system\pavothemes\widgetbase.php on line 115
2018-01-15 0:35:42 - PHP Warning:  Illegal string offset 'heading_title' in C:\OSPanel\domains\pavsilkshopquickstart\system\pavothemes\widgetbase.php on line 115
2018-01-15 0:35:42 - PHP Warning:  extract() expects parameter 1 to be array, string given in C:\OSPanel\domains\pavsilkshopquickstart\system\pavothemes\widgetbase.php on line 116
2018-01-15 0:35:42 - PHP Notice:  Undefined variable: icon_box_style in C:\OSPanel\domains\pavsilkshopquickstart\catalog\view\theme\pav_silkshop\template\extension\module\widgets\icon_box.tpl on line 1
2018-01-15 0:35:42 - PHP Notice:  Undefined variable: text_align in C:\OSPanel\domains\pavsilkshopquickstart\catalog\view\theme\pav_silkshop\template\extension\module\widgets\icon_box.tpl on line 1
2018-01-15 0:35:42 - PHP Notice:  Undefined variable: background in C:\OSPanel\domains\pavsilkshopquickstart\catalog\view\theme\pav_silkshop\template\extension\module\widgets\icon_box.tpl on line 1
2018-01-15 0:35:42 - PHP Notice:  Undefined variable: iconclass in C:\OSPanel\domains\pavsilkshopquickstart\catalog\view\theme\pav_silkshop\template\extension\module\widgets\icon_box.tpl on line 8
2018-01-15 0:35:42 - PHP Warning:  Illegal string offset 'htmlcontent_1' in C:\OSPanel\domains\pavsilkshopquickstart\system\pavothemes\widget\icon_box.php on line 180
2018-01-15 0:35:42 - PHP Warning:  Illegal string offset 'htmlcontent' in C:\OSPanel\domains\pavsilkshopquickstart\system\pavothemes\widget\icon_box.php on line 182
2018-01-15 0:35:42 - PHP Warning:  Illegal string offset 'linkurl' in C:\OSPanel\domains\pavsilkshopquickstart\system\pavothemes\widget\icon_box.php on line 183
2018-01-15 0:35:42 - PHP Warning:  Illegal string offset 'sub_title' in C:\OSPanel\domains\pavsilkshopquickstart\system\pavothemes\widget\icon_box.php on line 184
2018-01-15 0:35:42 - PHP Warning:  Illegal string offset 'widget_heading' in C:\OSPanel\domains\pavsilkshopquickstart\system\pavothemes\widgetbase.php on line 111
2018-01-15 0:35:42 - PHP Warning:  Illegal string offset 'widget_heading' in C:\OSPanel\domains\pavsilkshopquickstart\system\pavothemes\widgetbase.php on line 115
2018-01-15 0:35:42 - PHP Warning:  Illegal string offset 'heading_title' in C:\OSPanel\domains\pavsilkshopquickstart\system\pavothemes\widgetbase.php on line 115
2018-01-15 0:35:42 - PHP Warning:  extract() expects parameter 1 to be array, string given in C:\OSPanel\domains\pavsilkshopquickstart\system\pavothemes\widgetbase.php on line 116
2018-01-15 0:35:42 - PHP Notice:  Undefined variable: icon_box_style in C:\OSPanel\domains\pavsilkshopquickstart\catalog\view\theme\pav_silkshop\template\extension\module\widgets\icon_box.tpl on line 1
2018-01-15 0:35:42 - PHP Notice:  Undefined variable: text_align in C:\OSPanel\domains\pavsilkshopquickstart\catalog\view\theme\pav_silkshop\template\extension\module\widgets\icon_box.tpl on line 1
2018-01-15 0:35:42 - PHP Notice:  Undefined variable: background in C:\OSPanel\domains\pavsilkshopquickstart\catalog\view\theme\pav_silkshop\template\extension\module\widgets\icon_box.tpl on line 1
2018-01-15 0:35:42 - PHP Notice:  Undefined variable: iconclass in C:\OSPanel\domains\pavsilkshopquickstart\catalog\view\theme\pav_silkshop\template\extension\module\widgets\icon_box.tpl on line 8
2018-01-15 0:35:42 - PHP Warning:  Illegal string offset 'htmlcontent_1' in C:\OSPanel\domains\pavsilkshopquickstart\system\pavothemes\widget\icon_box.php on line 180
2018-01-15 0:35:42 - PHP Warning:  Illegal string offset 'htmlcontent' in C:\OSPanel\domains\pavsilkshopquickstart\system\pavothemes\widget\icon_box.php on line 182
2018-01-15 0:35:42 - PHP Warning:  Illegal string offset 'linkurl' in C:\OSPanel\domains\pavsilkshopquickstart\system\pavothemes\widget\icon_box.php on line 183
2018-01-15 0:35:42 - PHP Warning:  Illegal string offset 'sub_title' in C:\OSPanel\domains\pavsilkshopquickstart\system\pavothemes\widget\icon_box.php on line 184
2018-01-15 0:35:42 - PHP Warning:  Illegal string offset 'widget_heading' in C:\OSPanel\domains\pavsilkshopquickstart\system\pavothemes\widgetbase.php on line 111
2018-01-15 0:35:42 - PHP Warning:  Illegal string offset 'widget_heading' in C:\OSPanel\domains\pavsilkshopquickstart\system\pavothemes\widgetbase.php on line 115
2018-01-15 0:35:42 - PHP Warning:  Illegal string offset 'heading_title' in C:\OSPanel\domains\pavsilkshopquickstart\system\pavothemes\widgetbase.php on line 115
2018-01-15 0:35:42 - PHP Warning:  extract() expects parameter 1 to be array, string given in C:\OSPanel\domains\pavsilkshopquickstart\system\pavothemes\widgetbase.php on line 116
2018-01-15 0:35:42 - PHP Notice:  Undefined variable: icon_box_style in C:\OSPanel\domains\pavsilkshopquickstart\catalog\view\theme\pav_silkshop\template\extension\module\widgets\icon_box.tpl on line 1
2018-01-15 0:35:42 - PHP Notice:  Undefined variable: text_align in C:\OSPanel\domains\pavsilkshopquickstart\catalog\view\theme\pav_silkshop\template\extension\module\widgets\icon_box.tpl on line 1
2018-01-15 0:35:42 - PHP Notice:  Undefined variable: background in C:\OSPanel\domains\pavsilkshopquickstart\catalog\view\theme\pav_silkshop\template\extension\module\widgets\icon_box.tpl on line 1
2018-01-15 0:35:42 - PHP Notice:  Undefined variable: iconclass in C:\OSPanel\domains\pavsilkshopquickstart\catalog\view\theme\pav_silkshop\template\extension\module\widgets\icon_box.tpl on line 8
2018-01-15 0:35:42 - PHP Warning:  Illegal string offset 'htmlcontent_1' in C:\OSPanel\domains\pavsilkshopquickstart\system\pavothemes\widget\icon_box.php on line 180
2018-01-15 0:35:42 - PHP Warning:  Illegal string offset 'htmlcontent' in C:\OSPanel\domains\pavsilkshopquickstart\system\pavothemes\widget\icon_box.php on line 182
2018-01-15 0:35:42 - PHP Warning:  Illegal string offset 'linkurl' in C:\OSPanel\domains\pavsilkshopquickstart\system\pavothemes\widget\icon_box.php on line 183
2018-01-15 0:35:42 - PHP Warning:  Illegal string offset 'sub_title' in C:\OSPanel\domains\pavsilkshopquickstart\system\pavothemes\widget\icon_box.php on line 184
2018-01-15 0:35:42 - PHP Warning:  Illegal string offset 'widget_heading' in C:\OSPanel\domains\pavsilkshopquickstart\system\pavothemes\widgetbase.php on line 111
2018-01-15 0:35:42 - PHP Warning:  Illegal string offset 'widget_heading' in C:\OSPanel\domains\pavsilkshopquickstart\system\pavothemes\widgetbase.php on line 115
2018-01-15 0:35:42 - PHP Warning:  Illegal string offset 'heading_title' in C:\OSPanel\domains\pavsilkshopquickstart\system\pavothemes\widgetbase.php on line 115
2018-01-15 0:35:42 - PHP Warning:  extract() expects parameter 1 to be array, string given in C:\OSPanel\domains\pavsilkshopquickstart\system\pavothemes\widgetbase.php on line 116
2018-01-15 0:35:42 - PHP Notice:  Undefined variable: icon_box_style in C:\OSPanel\domains\pavsilkshopquickstart\catalog\view\theme\pav_silkshop\template\extension\module\widgets\icon_box.tpl on line 1
2018-01-15 0:35:42 - PHP Notice:  Undefined variable: text_align in C:\OSPanel\domains\pavsilkshopquickstart\catalog\view\theme\pav_silkshop\template\extension\module\widgets\icon_box.tpl on line 1
2018-01-15 0:35:42 - PHP Notice:  Undefined variable: background in C:\OSPanel\domains\pavsilkshopquickstart\catalog\view\theme\pav_silkshop\template\extension\module\widgets\icon_box.tpl on line 1
2018-01-15 0:35:42 - PHP Notice:  Undefined variable: iconclass in C:\OSPanel\domains\pavsilkshopquickstart\catalog\view\theme\pav_silkshop\template\extension\module\widgets\icon_box.tpl on line 8
2018-01-15 0:35:42 - PHP Warning:  Illegal string offset 'htmlcontent_1' in C:\OSPanel\domains\pavsilkshopquickstart\system\pavothemes\widget\icon_box.php on line 180
2018-01-15 0:35:42 - PHP Warning:  Illegal string offset 'htmlcontent' in C:\OSPanel\domains\pavsilkshopquickstart\system\pavothemes\widget\icon_box.php on line 182
2018-01-15 0:35:42 - PHP Warning:  Illegal string offset 'linkurl' in C:\OSPanel\domains\pavsilkshopquickstart\system\pavothemes\widget\icon_box.php on line 183
2018-01-15 0:35:42 - PHP Warning:  Illegal string offset 'sub_title' in C:\OSPanel\domains\pavsilkshopquickstart\system\pavothemes\widget\icon_box.php on line 184
2018-01-15 0:35:42 - PHP Warning:  Illegal string offset 'widget_heading' in C:\OSPanel\domains\pavsilkshopquickstart\system\pavothemes\widgetbase.php on line 111
2018-01-15 0:35:42 - PHP Warning:  Illegal string offset 'widget_heading' in C:\OSPanel\domains\pavsilkshopquickstart\system\pavothemes\widgetbase.php on line 115
2018-01-15 0:35:42 - PHP Warning:  Illegal string offset 'heading_title' in C:\OSPanel\domains\pavsilkshopquickstart\system\pavothemes\widgetbase.php on line 115
2018-01-15 0:35:42 - PHP Warning:  extract() expects parameter 1 to be array, string given in C:\OSPanel\domains\pavsilkshopquickstart\system\pavothemes\widgetbase.php on line 116
2018-01-15 0:35:42 - PHP Notice:  Undefined variable: icon_box_style in C:\OSPanel\domains\pavsilkshopquickstart\catalog\view\theme\pav_silkshop\template\extension\module\widgets\icon_box.tpl on line 1
2018-01-15 0:35:42 - PHP Notice:  Undefined variable: text_align in C:\OSPanel\domains\pavsilkshopquickstart\catalog\view\theme\pav_silkshop\template\extension\module\widgets\icon_box.tpl on line 1
2018-01-15 0:35:42 - PHP Notice:  Undefined variable: background in C:\OSPanel\domains\pavsilkshopquickstart\catalog\view\theme\pav_silkshop\template\extension\module\widgets\icon_box.tpl on line 1
2018-01-15 0:35:42 - PHP Notice:  Undefined variable: iconclass in C:\OSPanel\domains\pavsilkshopquickstart\catalog\view\theme\pav_silkshop\template\extension\module\widgets\icon_box.tpl on line 8
2018-01-15 0:35:42 - PHP Warning:  Illegal string offset 'htmlcontent_1' in C:\OSPanel\domains\pavsilkshopquickstart\system\pavothemes\widget\icon_box.php on line 180
2018-01-15 0:35:42 - PHP Warning:  Illegal string offset 'htmlcontent' in C:\OSPanel\domains\pavsilkshopquickstart\system\pavothemes\widget\icon_box.php on line 182
2018-01-15 0:35:42 - PHP Warning:  Illegal string offset 'linkurl' in C:\OSPanel\domains\pavsilkshopquickstart\system\pavothemes\widget\icon_box.php on line 183
2018-01-15 0:35:42 - PHP Warning:  Illegal string offset 'sub_title' in C:\OSPanel\domains\pavsilkshopquickstart\system\pavothemes\widget\icon_box.php on line 184
2018-01-15 0:35:42 - PHP Warning:  Illegal string offset 'widget_heading' in C:\OSPanel\domains\pavsilkshopquickstart\system\pavothemes\widgetbase.php on line 111
2018-01-15 0:35:42 - PHP Warning:  Illegal string offset 'widget_heading' in C:\OSPanel\domains\pavsilkshopquickstart\system\pavothemes\widgetbase.php on line 115
2018-01-15 0:35:42 - PHP Warning:  Illegal string offset 'heading_title' in C:\OSPanel\domains\pavsilkshopquickstart\system\pavothemes\widgetbase.php on line 115
2018-01-15 0:35:42 - PHP Warning:  extract() expects parameter 1 to be array, string given in C:\OSPanel\domains\pavsilkshopquickstart\system\pavothemes\widgetbase.php on line 116
2018-01-15 0:35:42 - PHP Notice:  Undefined variable: icon_box_style in C:\OSPanel\domains\pavsilkshopquickstart\catalog\view\theme\pav_silkshop\template\extension\module\widgets\icon_box.tpl on line 1
2018-01-15 0:35:42 - PHP Notice:  Undefined variable: text_align in C:\OSPanel\domains\pavsilkshopquickstart\catalog\view\theme\pav_silkshop\template\extension\module\widgets\icon_box.tpl on line 1
2018-01-15 0:35:42 - PHP Notice:  Undefined variable: background in C:\OSPanel\domains\pavsilkshopquickstart\catalog\view\theme\pav_silkshop\template\extension\module\widgets\icon_box.tpl on line 1
2018-01-15 0:35:42 - PHP Notice:  Undefined variable: iconclass in C:\OSPanel\domains\pavsilkshopquickstart\catalog\view\theme\pav_silkshop\template\extension\module\widgets\icon_box.tpl on line 8
2018-01-15 0:35:42 - PHP Warning:  Illegal string offset 'htmlcontent_1' in C:\OSPanel\domains\pavsilkshopquickstart\system\pavothemes\widget\icon_box.php on line 180
2018-01-15 0:35:42 - PHP Warning:  Illegal string offset 'htmlcontent' in C:\OSPanel\domains\pavsilkshopquickstart\system\pavothemes\widget\icon_box.php on line 182
2018-01-15 0:35:42 - PHP Warning:  Illegal string offset 'linkurl' in C:\OSPanel\domains\pavsilkshopquickstart\system\pavothemes\widget\icon_box.php on line 183
2018-01-15 0:35:42 - PHP Warning:  Illegal string offset 'sub_title' in C:\OSPanel\domains\pavsilkshopquickstart\system\pavothemes\widget\icon_box.php on line 184
2018-01-15 0:35:42 - PHP Warning:  Illegal string offset 'widget_heading' in C:\OSPanel\domains\pavsilkshopquickstart\system\pavothemes\widgetbase.php on line 111
2018-01-15 0:35:42 - PHP Warning:  Illegal string offset 'widget_heading' in C:\OSPanel\domains\pavsilkshopquickstart\system\pavothemes\widgetbase.php on line 115
2018-01-15 0:35:42 - PHP Warning:  Illegal string offset 'heading_title' in C:\OSPanel\domains\pavsilkshopquickstart\system\pavothemes\widgetbase.php on line 115
2018-01-15 0:35:42 - PHP Warning:  extract() expects parameter 1 to be array, string given in C:\OSPanel\domains\pavsilkshopquickstart\system\pavothemes\widgetbase.php on line 116
2018-01-15 0:35:42 - PHP Notice:  Undefined variable: icon_box_style in C:\OSPanel\domains\pavsilkshopquickstart\catalog\view\theme\pav_silkshop\template\extension\module\widgets\icon_box.tpl on line 1
2018-01-15 0:35:42 - PHP Notice:  Undefined variable: text_align in C:\OSPanel\domains\pavsilkshopquickstart\catalog\view\theme\pav_silkshop\template\extension\module\widgets\icon_box.tpl on line 1
2018-01-15 0:35:42 - PHP Notice:  Undefined variable: background in C:\OSPanel\domains\pavsilkshopquickstart\catalog\view\theme\pav_silkshop\template\extension\module\widgets\icon_box.tpl on line 1
2018-01-15 0:35:42 - PHP Notice:  Undefined variable: iconclass in C:\OSPanel\domains\pavsilkshopquickstart\catalog\view\theme\pav_silkshop\template\extension\module\widgets\icon_box.tpl on line 8
2018-01-15 0:35:42 - PHP Warning:  Illegal string offset 'htmlcontent_1' in C:\OSPanel\domains\pavsilkshopquickstart\system\pavothemes\widget\icon_box.php on line 180
2018-01-15 0:35:42 - PHP Warning:  Illegal string offset 'htmlcontent' in C:\OSPanel\domains\pavsilkshopquickstart\system\pavothemes\widget\icon_box.php on line 182
2018-01-15 0:35:42 - PHP Warning:  Illegal string offset 'linkurl' in C:\OSPanel\domains\pavsilkshopquickstart\system\pavothemes\widget\icon_box.php on line 183
2018-01-15 0:35:42 - PHP Warning:  Illegal string offset 'sub_title' in C:\OSPanel\domains\pavsilkshopquickstart\system\pavothemes\widget\icon_box.php on line 184
2018-01-15 0:35:42 - PHP Warning:  Illegal string offset 'widget_heading' in C:\OSPanel\domains\pavsilkshopquickstart\system\pavothemes\widgetbase.php on line 111
2018-01-15 0:35:42 - PHP Warning:  Illegal string offset 'widget_heading' in C:\OSPanel\domains\pavsilkshopquickstart\system\pavothemes\widgetbase.php on line 115
2018-01-15 0:35:42 - PHP Warning:  Illegal string offset 'heading_title' in C:\OSPanel\domains\pavsilkshopquickstart\system\pavothemes\widgetbase.php on line 115
2018-01-15 0:35:42 - PHP Warning:  extract() expects parameter 1 to be array, string given in C:\OSPanel\domains\pavsilkshopquickstart\system\pavothemes\widgetbase.php on line 116
2018-01-15 0:35:42 - PHP Notice:  Undefined variable: icon_box_style in C:\OSPanel\domains\pavsilkshopquickstart\catalog\view\theme\pav_silkshop\template\extension\module\widgets\icon_box.tpl on line 1
2018-01-15 0:35:42 - PHP Notice:  Undefined variable: text_align in C:\OSPanel\domains\pavsilkshopquickstart\catalog\view\theme\pav_silkshop\template\extension\module\widgets\icon_box.tpl on line 1
2018-01-15 0:35:42 - PHP Notice:  Undefined variable: background in C:\OSPanel\domains\pavsilkshopquickstart\catalog\view\theme\pav_silkshop\template\extension\module\widgets\icon_box.tpl on line 1
2018-01-15 0:35:42 - PHP Notice:  Undefined variable: iconclass in C:\OSPanel\domains\pavsilkshopquickstart\catalog\view\theme\pav_silkshop\template\extension\module\widgets\icon_box.tpl on line 8
2018-01-15 0:35:42 - PHP Warning:  Illegal string offset 'htmlcontent_1' in C:\OSPanel\domains\pavsilkshopquickstart\system\pavothemes\widget\icon_box.php on line 180
2018-01-15 0:35:42 - PHP Warning:  Illegal string offset 'htmlcontent' in C:\OSPanel\domains\pavsilkshopquickstart\system\pavothemes\widget\icon_box.php on line 182
2018-01-15 0:35:42 - PHP Warning:  Illegal string offset 'linkurl' in C:\OSPanel\domains\pavsilkshopquickstart\system\pavothemes\widget\icon_box.php on line 183
2018-01-15 0:35:42 - PHP Warning:  Illegal string offset 'sub_title' in C:\OSPanel\domains\pavsilkshopquickstart\system\pavothemes\widget\icon_box.php on line 184
2018-01-15 0:35:42 - PHP Warning:  Illegal string offset 'widget_heading' in C:\OSPanel\domains\pavsilkshopquickstart\system\pavothemes\widgetbase.php on line 111
2018-01-15 0:35:42 - PHP Warning:  Illegal string offset 'widget_heading' in C:\OSPanel\domains\pavsilkshopquickstart\system\pavothemes\widgetbase.php on line 115
2018-01-15 0:35:42 - PHP Warning:  Illegal string offset 'heading_title' in C:\OSPanel\domains\pavsilkshopquickstart\system\pavothemes\widgetbase.php on line 115
2018-01-15 0:35:42 - PHP Warning:  extract() expects parameter 1 to be array, string given in C:\OSPanel\domains\pavsilkshopquickstart\system\pavothemes\widgetbase.php on line 116
2018-01-15 0:35:42 - PHP Notice:  Undefined variable: icon_box_style in C:\OSPanel\domains\pavsilkshopquickstart\catalog\view\theme\pav_silkshop\template\extension\module\widgets\icon_box.tpl on line 1
2018-01-15 0:35:42 - PHP Notice:  Undefined variable: text_align in C:\OSPanel\domains\pavsilkshopquickstart\catalog\view\theme\pav_silkshop\template\extension\module\widgets\icon_box.tpl on line 1
2018-01-15 0:35:42 - PHP Notice:  Undefined variable: background in C:\OSPanel\domains\pavsilkshopquickstart\catalog\view\theme\pav_silkshop\template\extension\module\widgets\icon_box.tpl on line 1
2018-01-15 0:35:42 - PHP Notice:  Undefined variable: iconclass in C:\OSPanel\domains\pavsilkshopquickstart\catalog\view\theme\pav_silkshop\template\extension\module\widgets\icon_box.tpl on line 8
2018-01-15 2:04:37 - PHP Notice:  Undefined variable: continue in C:\OSPanel\domains\pavsilkshopquickstart\catalog\view\theme\pav_silkshop\template\product\search.tpl on line 99
2018-01-15 20:08:32 - PHP Notice:  Undefined variable: output in C:\OSPanel\domains\pavsilkshopquickstart\catalog\controller\common\content_bottom.php on line 71
2018-01-15 20:59:44 - PHP Warning:  preg_replace(): Delimiter must not be alphanumeric or backslash in C:\OSPanel\domains\pavsilkshopquickstart\system\pavothemes\widget\icon_box.php on line 182
2018-01-15 20:59:44 - PHP Warning:  preg_replace(): Delimiter must not be alphanumeric or backslash in C:\OSPanel\domains\pavsilkshopquickstart\system\pavothemes\widget\icon_box.php on line 182
2018-01-15 20:59:44 - PHP Warning:  preg_replace(): Delimiter must not be alphanumeric or backslash in C:\OSPanel\domains\pavsilkshopquickstart\system\pavothemes\widget\icon_box.php on line 182
2018-01-15 20:59:44 - PHP Warning:  preg_replace(): Delimiter must not be alphanumeric or backslash in C:\OSPanel\domains\pavsilkshopquickstart\system\pavothemes\widget\icon_box.php on line 182
2018-01-15 20:59:44 - PHP Warning:  preg_replace(): Delimiter must not be alphanumeric or backslash in C:\OSPanel\domains\pavsilkshopquickstart\system\pavothemes\widget\icon_box.php on line 182
2018-01-15 20:59:45 - PHP Warning:  preg_replace(): Delimiter must not be alphanumeric or backslash in C:\OSPanel\domains\pavsilkshopquickstart\system\pavothemes\widget\icon_box.php on line 182
2018-01-15 20:59:45 - PHP Warning:  preg_replace(): Delimiter must not be alphanumeric or backslash in C:\OSPanel\domains\pavsilkshopquickstart\system\pavothemes\widget\icon_box.php on line 182
2018-01-15 20:59:45 - PHP Warning:  preg_replace(): Delimiter must not be alphanumeric or backslash in C:\OSPanel\domains\pavsilkshopquickstart\system\pavothemes\widget\icon_box.php on line 182
2018-01-15 20:59:45 - PHP Warning:  preg_replace(): Delimiter must not be alphanumeric or backslash in C:\OSPanel\domains\pavsilkshopquickstart\system\pavothemes\widget\icon_box.php on line 182
2018-01-15 20:59:45 - PHP Warning:  preg_replace(): Delimiter must not be alphanumeric or backslash in C:\OSPanel\domains\pavsilkshopquickstart\system\pavothemes\widget\icon_box.php on line 182
2018-01-15 21:01:07 - PHP Warning:  preg_replace(): Delimiter must not be alphanumeric or backslash in C:\OSPanel\domains\pavsilkshopquickstart\system\pavothemes\widget\icon_box.php on line 182
2018-01-15 21:01:07 - PHP Warning:  preg_replace(): Delimiter must not be alphanumeric or backslash in C:\OSPanel\domains\pavsilkshopquickstart\system\pavothemes\widget\icon_box.php on line 182
2018-01-15 21:01:07 - PHP Warning:  preg_replace(): Delimiter must not be alphanumeric or backslash in C:\OSPanel\domains\pavsilkshopquickstart\system\pavothemes\widget\icon_box.php on line 182
2018-01-15 21:01:07 - PHP Warning:  preg_replace(): Delimiter must not be alphanumeric or backslash in C:\OSPanel\domains\pavsilkshopquickstart\system\pavothemes\widget\icon_box.php on line 182
2018-01-15 21:01:07 - PHP Warning:  preg_replace(): Delimiter must not be alphanumeric or backslash in C:\OSPanel\domains\pavsilkshopquickstart\system\pavothemes\widget\icon_box.php on line 182
2018-01-15 21:01:08 - PHP Warning:  preg_replace(): Delimiter must not be alphanumeric or backslash in C:\OSPanel\domains\pavsilkshopquickstart\system\pavothemes\widget\icon_box.php on line 182
2018-01-15 21:01:08 - PHP Warning:  preg_replace(): Delimiter must not be alphanumeric or backslash in C:\OSPanel\domains\pavsilkshopquickstart\system\pavothemes\widget\icon_box.php on line 182
2018-01-15 21:01:08 - PHP Warning:  preg_replace(): Delimiter must not be alphanumeric or backslash in C:\OSPanel\domains\pavsilkshopquickstart\system\pavothemes\widget\icon_box.php on line 182
2018-01-15 21:01:08 - PHP Warning:  preg_replace(): Delimiter must not be alphanumeric or backslash in C:\OSPanel\domains\pavsilkshopquickstart\system\pavothemes\widget\icon_box.php on line 182
2018-01-15 21:01:08 - PHP Warning:  preg_replace(): Delimiter must not be alphanumeric or backslash in C:\OSPanel\domains\pavsilkshopquickstart\system\pavothemes\widget\icon_box.php on line 182
2018-01-15 21:01:17 - PHP Warning:  preg_replace(): Delimiter must not be alphanumeric or backslash in C:\OSPanel\domains\pavsilkshopquickstart\system\pavothemes\widget\icon_box.php on line 182
2018-01-15 21:01:17 - PHP Warning:  preg_replace(): Delimiter must not be alphanumeric or backslash in C:\OSPanel\domains\pavsilkshopquickstart\system\pavothemes\widget\icon_box.php on line 182
2018-01-15 21:01:17 - PHP Warning:  preg_replace(): Delimiter must not be alphanumeric or backslash in C:\OSPanel\domains\pavsilkshopquickstart\system\pavothemes\widget\icon_box.php on line 182
2018-01-15 21:01:17 - PHP Warning:  preg_replace(): Delimiter must not be alphanumeric or backslash in C:\OSPanel\domains\pavsilkshopquickstart\system\pavothemes\widget\icon_box.php on line 182
2018-01-15 21:01:17 - PHP Warning:  preg_replace(): Delimiter must not be alphanumeric or backslash in C:\OSPanel\domains\pavsilkshopquickstart\system\pavothemes\widget\icon_box.php on line 182
2018-01-15 21:01:17 - PHP Warning:  preg_replace(): Delimiter must not be alphanumeric or backslash in C:\OSPanel\domains\pavsilkshopquickstart\system\pavothemes\widget\icon_box.php on line 182
2018-01-15 21:01:17 - PHP Warning:  preg_replace(): Delimiter must not be alphanumeric or backslash in C:\OSPanel\domains\pavsilkshopquickstart\system\pavothemes\widget\icon_box.php on line 182
2018-01-15 21:01:17 - PHP Warning:  preg_replace(): Delimiter must not be alphanumeric or backslash in C:\OSPanel\domains\pavsilkshopquickstart\system\pavothemes\widget\icon_box.php on line 182
2018-01-15 21:01:17 - PHP Warning:  preg_replace(): Delimiter must not be alphanumeric or backslash in C:\OSPanel\domains\pavsilkshopquickstart\system\pavothemes\widget\icon_box.php on line 182
2018-01-15 21:01:17 - PHP Warning:  preg_replace(): Delimiter must not be alphanumeric or backslash in C:\OSPanel\domains\pavsilkshopquickstart\system\pavothemes\widget\icon_box.php on line 182
2018-01-15 21:14:41 - PHP Warning:  preg_replace(): Unknown modifier 'h' in C:\OSPanel\domains\pavsilkshopquickstart\system\pavothemes\widget\icon_box.php on line 182
2018-01-15 21:14:41 - PHP Warning:  preg_replace(): Unknown modifier 'h' in C:\OSPanel\domains\pavsilkshopquickstart\system\pavothemes\widget\icon_box.php on line 182
2018-01-15 21:14:41 - PHP Warning:  preg_replace(): Unknown modifier 'h' in C:\OSPanel\domains\pavsilkshopquickstart\system\pavothemes\widget\icon_box.php on line 182
2018-01-15 21:14:41 - PHP Warning:  preg_replace(): Unknown modifier 'h' in C:\OSPanel\domains\pavsilkshopquickstart\system\pavothemes\widget\icon_box.php on line 182
2018-01-15 21:14:41 - PHP Warning:  preg_replace(): Unknown modifier 'h' in C:\OSPanel\domains\pavsilkshopquickstart\system\pavothemes\widget\icon_box.php on line 182
2018-01-15 21:14:42 - PHP Warning:  preg_replace(): Unknown modifier 'h' in C:\OSPanel\domains\pavsilkshopquickstart\system\pavothemes\widget\icon_box.php on line 182
2018-01-15 21:14:42 - PHP Warning:  preg_replace(): Unknown modifier 'h' in C:\OSPanel\domains\pavsilkshopquickstart\system\pavothemes\widget\icon_box.php on line 182
2018-01-15 21:14:42 - PHP Warning:  preg_replace(): Unknown modifier 'h' in C:\OSPanel\domains\pavsilkshopquickstart\system\pavothemes\widget\icon_box.php on line 182
2018-01-15 21:14:42 - PHP Warning:  preg_replace(): Unknown modifier 'h' in C:\OSPanel\domains\pavsilkshopquickstart\system\pavothemes\widget\icon_box.php on line 182
2018-01-15 21:14:42 - PHP Warning:  preg_replace(): Unknown modifier 'h' in C:\OSPanel\domains\pavsilkshopquickstart\system\pavothemes\widget\icon_box.php on line 182
2018-01-15 21:17:14 - PHP Warning:  preg_replace(): Unknown modifier 'h' in C:\OSPanel\domains\pavsilkshopquickstart\system\pavothemes\widget\icon_box.php on line 183
2018-01-15 21:17:14 - PHP Warning:  preg_replace(): Unknown modifier 'h' in C:\OSPanel\domains\pavsilkshopquickstart\system\pavothemes\widget\icon_box.php on line 183
2018-01-15 21:17:14 - PHP Warning:  preg_replace(): Unknown modifier 'h' in C:\OSPanel\domains\pavsilkshopquickstart\system\pavothemes\widget\icon_box.php on line 183
2018-01-15 21:17:14 - PHP Warning:  preg_replace(): Unknown modifier 'h' in C:\OSPanel\domains\pavsilkshopquickstart\system\pavothemes\widget\icon_box.php on line 183
2018-01-15 21:17:14 - PHP Warning:  preg_replace(): Unknown modifier 'h' in C:\OSPanel\domains\pavsilkshopquickstart\system\pavothemes\widget\icon_box.php on line 183
2018-01-15 21:17:15 - PHP Warning:  preg_replace(): Unknown modifier 'h' in C:\OSPanel\domains\pavsilkshopquickstart\system\pavothemes\widget\icon_box.php on line 183
2018-01-15 21:17:15 - PHP Warning:  preg_replace(): Unknown modifier 'h' in C:\OSPanel\domains\pavsilkshopquickstart\system\pavothemes\widget\icon_box.php on line 183
2018-01-15 21:17:15 - PHP Warning:  preg_replace(): Unknown modifier 'h' in C:\OSPanel\domains\pavsilkshopquickstart\system\pavothemes\widget\icon_box.php on line 183
2018-01-15 21:17:15 - PHP Warning:  preg_replace(): Unknown modifier 'h' in C:\OSPanel\domains\pavsilkshopquickstart\system\pavothemes\widget\icon_box.php on line 183
2018-01-15 21:17:15 - PHP Warning:  preg_replace(): Unknown modifier 'h' in C:\OSPanel\domains\pavsilkshopquickstart\system\pavothemes\widget\icon_box.php on line 183
2018-01-15 21:34:58 - PHP Unknown:  preg_replace(): The /e modifier is deprecated, use preg_replace_callback instead in C:\OSPanel\domains\pavsilkshopquickstart\system\pavothemes\widget\icon_box.php on line 182
2018-01-15 21:34:58 - PHP Unknown:  preg_replace(): The /e modifier is deprecated, use preg_replace_callback instead in C:\OSPanel\domains\pavsilkshopquickstart\system\pavothemes\widget\icon_box.php on line 182
2018-01-15 21:34:58 - PHP Unknown:  preg_replace(): The /e modifier is deprecated, use preg_replace_callback instead in C:\OSPanel\domains\pavsilkshopquickstart\system\pavothemes\widget\icon_box.php on line 182
2018-01-15 21:34:58 - PHP Unknown:  preg_replace(): The /e modifier is deprecated, use preg_replace_callback instead in C:\OSPanel\domains\pavsilkshopquickstart\system\pavothemes\widget\icon_box.php on line 182
2018-01-15 21:34:58 - PHP Unknown:  preg_replace(): The /e modifier is deprecated, use preg_replace_callback instead in C:\OSPanel\domains\pavsilkshopquickstart\system\pavothemes\widget\icon_box.php on line 182
2018-01-15 21:34:59 - PHP Unknown:  preg_replace(): The /e modifier is deprecated, use preg_replace_callback instead in C:\OSPanel\domains\pavsilkshopquickstart\system\pavothemes\widget\icon_box.php on line 182
2018-01-15 21:34:59 - PHP Unknown:  preg_replace(): The /e modifier is deprecated, use preg_replace_callback instead in C:\OSPanel\domains\pavsilkshopquickstart\system\pavothemes\widget\icon_box.php on line 182
2018-01-15 21:34:59 - PHP Unknown:  preg_replace(): The /e modifier is deprecated, use preg_replace_callback instead in C:\OSPanel\domains\pavsilkshopquickstart\system\pavothemes\widget\icon_box.php on line 182
2018-01-15 21:34:59 - PHP Unknown:  preg_replace(): The /e modifier is deprecated, use preg_replace_callback instead in C:\OSPanel\domains\pavsilkshopquickstart\system\pavothemes\widget\icon_box.php on line 182
2018-01-15 21:34:59 - PHP Unknown:  preg_replace(): The /e modifier is deprecated, use preg_replace_callback instead in C:\OSPanel\domains\pavsilkshopquickstart\system\pavothemes\widget\icon_box.php on line 182
